[11:03:06.436] [INFO] Storybook upgrade - v10.2.0
[11:03:06.438] [INFO] detect-projects-spinner-start: Detecting projects...
[11:03:06.439] [DEBUG] Finding Storybook projects...
[11:03:06.853] [DEBUG] Found 1 Storybook projects
[11:03:06.860] [INFO] detect-projects-spinner: Detecting projects: 1 projects
[11:03:06.861] [DEBUG] Getting Storybook data...
[11:03:06.861] [DEBUG] Getting Storybook info...
[11:03:07.455] [DEBUG] Loading main config...
[11:03:07.455] [DEBUG] Getting stories paths...
[11:03:07.485] [DEBUG] Getting package manager...
[11:03:08.486] [DEBUG] Getting package.json info for C:/Densan/sledge-pdm/packages/ui/package.json...
[11:03:08.486] [DEBUG] Getting Storybook version...
[11:03:08.488] [DEBUG] Detecting CSF factory usage...
[11:03:08.501] [DEBUG] C:/Densan/sledge-pdm/packages/ui/.storybook - Validating before version... 10.1.11
[11:03:08.501] [DEBUG] C:/Densan/sledge-pdm/packages/ui/.storybook - Validating upgrade compatibility...
[11:03:08.501] [DEBUG] C:/Densan/sledge-pdm/packages/ui/.storybook - Fetching NPM version information...
[11:03:08.501] [DEBUG] Getting CLI versions from NPM for storybook...
[11:03:08.501] [DEBUG] Executing command: pnpm info storybook version
[11:03:08.529] [DEBUG] Getting CLI versions from NPM for storybook@next...
[11:03:08.529] [DEBUG] Executing command: pnpm info storybook@next version
[11:03:08.598] [DEBUG] TypeError: Invalid version. Must be a string. Got type "object".
[11:03:08.599] [INFO] detect-projects-spinner-stop: 1 project detected
[11:03:08.599] [DEBUG] Found 0 valid projects and 1 error projects
[11:03:08.600] [ERROR] Failed to get projects
[11:03:08.601] [ERROR] [38;2;241;97;97mError: ‚ùå Storybook found errors while collecting data for the following projects:
C:/Densan/sledge-pdm/packages/ui/.storybook:
TypeError: Invalid version. Must be a string. Got type "object".
    at new _SemVer (file:///C:/Users/n4505/AppData/Local/npm-cache/_npx/d9767c5d2d3183ba/node_modules/@storybook/cli/dist/_node-chunks/chunk-4HDDTOSH.js:161:17)
    at compare (file:///C:/Users/n4505/AppData/Local/npm-cache/_npx/d9767c5d2d3183ba/node_modules/@storybook/cli/dist/_node-chunks/chunk-4HDDTOSH.js:439:92)
    at lt (file:///C:/Users/n4505/AppData/Local/npm-cache/_npx/d9767c5d2d3183ba/node_modules/@storybook/cli/dist/_node-chunks/chunk-4HDDTOSH.js:505:60)
    at processProject (file:///C:/Users/n4505/AppData/Local/npm-cache/_npx/d9767c5d2d3183ba/node_modules/@storybook/cli/dist/_node-chunks/chunk-I7ZAU7I4.js:311:46)
Please fix the errors and run the upgrade command again.[39m
    at getProjects (file:///C:/Users/n4505/AppData/Local/npm-cache/_npx/d9767c5d2d3183ba/node_modules/@storybook/cli/dist/_node-chunks/chunk-I7ZAU7I4.js:477:13)
    at async upgrade (file:///C:/Users/n4505/AppData/Local/npm-cache/_npx/d9767c5d2d3183ba/node_modules/@storybook/cli/dist/_node-chunks/run-MQMOBNP4.js:9387:24)
    at async file:///C:/Users/n4505/AppData/Local/npm-cache/_npx/d9767c5d2d3183ba/node_modules/@storybook/cli/dist/_node-chunks/run-MQMOBNP4.js:9585:70
    at async withTelemetry (file:///C:/Users/n4505/AppData/Local/npm-cache/_npx/d9767c5d2d3183ba/node_modules/storybook/dist/_node-chunks/chunk-5T2PCIM6.js:218:12)
    at async Command.<anonymous> (file:///C:/Users/n4505/AppData/Local/npm-cache/_npx/d9767c5d2d3183ba/node_modules/@storybook/cli/dist/_node-chunks/run-MQMOBNP4.js:9581:3)
[11:03:17.893] [ERROR] Error: ‚ùå Storybook found errors while collecting data for the following projects:
C:/Densan/sledge-pdm/packages/ui/.storybook:
TypeError: Invalid version. Must be a string. Got type "object".
    at new _SemVer (file:///C:/Users/n4505/AppData/Local/npm-cache/_npx/d9767c5d2d3183ba/node_modules/@storybook/cli/dist/_node-chunks/chunk-4HDDTOSH.js:161:17)
    at compare (file:///C:/Users/n4505/AppData/Local/npm-cache/_npx/d9767c5d2d3183ba/node_modules/@storybook/cli/dist/_node-chunks/chunk-4HDDTOSH.js:439:92)
    at lt (file:///C:/Users/n4505/AppData/Local/npm-cache/_npx/d9767c5d2d3183ba/node_modules/@storybook/cli/dist/_node-chunks/chunk-4HDDTOSH.js:505:60)
    at processProject (file:///C:/Users/n4505/AppData/Local/npm-cache/_npx/d9767c5d2d3183ba/node_modules/@storybook/cli/dist/_node-chunks/chunk-I7ZAU7I4.js:311:46)
Please fix the errors and run the upgrade command again.